Start testing: Mar 26 17:22 MSK
----------------------------------------------------------
1/61 Testing: CharMappingChar.LowercaseRuToEn
1/61 Test: CharMappingChar.LowercaseRuToEn
Command: "/home/i/PUNTO/_build/tests/punto-tests" "--gtest_filter=CharMappingChar.LowercaseRuToEn" "--gtest_also_run_disabled_tests"
Directory: /home/i/PUNTO/_build/tests
"CharMappingChar.LowercaseRuToEn" start time: Mar 26 17:22 MSK
Output:
----------------------------------------------------------
Running main() from ./googletest/src/gtest_main.cc
Note: Google Test filter = CharMappingChar.LowercaseRuToEn
[==========] Running 1 test from 1 test suite.
[----------] Global test environment set-up.
[----------] 1 test from CharMappingChar
[ RUN      ] CharMappingChar.LowercaseRuToEn
[       OK ] CharMappingChar.LowercaseRuToEn (0 ms)
[----------] 1 test from CharMappingChar (0 ms total)

[----------] Global test environment tear-down
[==========] 1 test from 1 test suite ran. (0 ms total)
[  PASSED  ] 1 test.
<end of output>
Test time =   0.00 sec
----------------------------------------------------------
Test Passed.
"CharMappingChar.LowercaseRuToEn" end time: Mar 26 17:22 MSK
"CharMappingChar.LowercaseRuToEn" time elapsed: 00:00:00
----------------------------------------------------------

2/61 Testing: CharMappingChar.LowercaseEnToRu
2/61 Test: CharMappingChar.LowercaseEnToRu
Command: "/home/i/PUNTO/_build/tests/punto-tests" "--gtest_filter=CharMappingChar.LowercaseEnToRu" "--gtest_also_run_disabled_tests"
Directory: /home/i/PUNTO/_build/tests
"CharMappingChar.LowercaseEnToRu" start time: Mar 26 17:22 MSK
Output:
----------------------------------------------------------
Running main() from ./googletest/src/gtest_main.cc
Note: Google Test filter = CharMappingChar.LowercaseEnToRu
[==========] Running 1 test from 1 test suite.
[----------] Global test environment set-up.
[----------] 1 test from CharMappingChar
[ RUN      ] CharMappingChar.LowercaseEnToRu
[       OK ] CharMappingChar.LowercaseEnToRu (0 ms)
[----------] 1 test from CharMappingChar (0 ms total)

[----------] Global test environment tear-down
[==========] 1 test from 1 test suite ran. (0 ms total)
[  PASSED  ] 1 test.
<end of output>
Test time =   0.00 sec
----------------------------------------------------------
Test Passed.
"CharMappingChar.LowercaseEnToRu" end time: Mar 26 17:22 MSK
"CharMappingChar.LowercaseEnToRu" time elapsed: 00:00:00
----------------------------------------------------------

3/61 Testing: CharMappingChar.UppercaseRuToEn
3/61 Test: CharMappingChar.UppercaseRuToEn
Command: "/home/i/PUNTO/_build/tests/punto-tests" "--gtest_filter=CharMappingChar.UppercaseRuToEn" "--gtest_also_run_disabled_tests"
Directory: /home/i/PUNTO/_build/tests
"CharMappingChar.UppercaseRuToEn" start time: Mar 26 17:22 MSK
Output:
----------------------------------------------------------
Running main() from ./googletest/src/gtest_main.cc
Note: Google Test filter = CharMappingChar.UppercaseRuToEn
[==========] Running 1 test from 1 test suite.
[----------] Global test environment set-up.
[----------] 1 test from CharMappingChar
[ RUN      ] CharMappingChar.UppercaseRuToEn
[       OK ] CharMappingChar.UppercaseRuToEn (0 ms)
[----------] 1 test from CharMappingChar (0 ms total)

[----------] Global test environment tear-down
[==========] 1 test from 1 test suite ran. (0 ms total)
[  PASSED  ] 1 test.
<end of output>
Test time =   0.00 sec
----------------------------------------------------------
Test Passed.
"CharMappingChar.UppercaseRuToEn" end time: Mar 26 17:22 MSK
"CharMappingChar.UppercaseRuToEn" time elapsed: 00:00:00
----------------------------------------------------------

4/61 Testing: CharMappingChar.UppercaseEnToRu
4/61 Test: CharMappingChar.UppercaseEnToRu
Command: "/home/i/PUNTO/_build/tests/punto-tests" "--gtest_filter=CharMappingChar.UppercaseEnToRu" "--gtest_also_run_disabled_tests"
Directory: /home/i/PUNTO/_build/tests
"CharMappingChar.UppercaseEnToRu" start time: Mar 26 17:22 MSK
Output:
----------------------------------------------------------
Running main() from ./googletest/src/gtest_main.cc
Note: Google Test filter = CharMappingChar.UppercaseEnToRu
[==========] Running 1 test from 1 test suite.
[----------] Global test environment set-up.
[----------] 1 test from CharMappingChar
[ RUN      ] CharMappingChar.UppercaseEnToRu
[       OK ] CharMappingChar.UppercaseEnToRu (0 ms)
[----------] 1 test from CharMappingChar (0 ms total)

[----------] Global test environment tear-down
[==========] 1 test from 1 test suite ran. (0 ms total)
[  PASSED  ] 1 test.
<end of output>
Test time =   0.00 sec
----------------------------------------------------------
Test Passed.
"CharMappingChar.UppercaseEnToRu" end time: Mar 26 17:22 MSK
"CharMappingChar.UppercaseEnToRu" time elapsed: 00:00:00
----------------------------------------------------------

5/61 Testing: CharMappingChar.NoMappingPassthrough
5/61 Test: CharMappingChar.NoMappingPassthrough
Command: "/home/i/PUNTO/_build/tests/punto-tests" "--gtest_filter=CharMappingChar.NoMappingPassthrough" "--gtest_also_run_disabled_tests"
Directory: /home/i/PUNTO/_build/tests
"CharMappingChar.NoMappingPassthrough" start time: Mar 26 17:22 MSK
Output:
----------------------------------------------------------
Running main() from ./googletest/src/gtest_main.cc
Note: Google Test filter = CharMappingChar.NoMappingPassthrough
[==========] Running 1 test from 1 test suite.
[----------] Global test environment set-up.
[----------] 1 test from CharMappingChar
[ RUN      ] CharMappingChar.NoMappingPassthrough
[       OK ] CharMappingChar.NoMappingPassthrough (0 ms)
[----------] 1 test from CharMappingChar (0 ms total)

[----------] Global test environment tear-down
[==========] 1 test from 1 test suite ran. (0 ms total)
[  PASSED  ] 1 test.
<end of output>
Test time =   0.00 sec
----------------------------------------------------------
Test Passed.
"CharMappingChar.NoMappingPassthrough" end time: Mar 26 17:22 MSK
"CharMappingChar.NoMappingPassthrough" time elapsed: 00:00:00
----------------------------------------------------------

6/61 Testing: CharMappingChar.YoUppercase
6/61 Test: CharMappingChar.YoUppercase
Command: "/home/i/PUNTO/_build/tests/punto-tests" "--gtest_filter=CharMappingChar.YoUppercase" "--gtest_also_run_disabled_tests"
Directory: /home/i/PUNTO/_build/tests
"CharMappingChar.YoUppercase" start time: Mar 26 17:22 MSK
Output:
----------------------------------------------------------
Running main() from ./googletest/src/gtest_main.cc
Note: Google Test filter = CharMappingChar.YoUppercase
[==========] Running 1 test from 1 test suite.
[----------] Global test environment set-up.
[----------] 1 test from CharMappingChar
[ RUN      ] CharMappingChar.YoUppercase
[       OK ] CharMappingChar.YoUppercase (0 ms)
[----------] 1 test from CharMappingChar (0 ms total)

[----------] Global test environment tear-down
[==========] 1 test from 1 test suite ran. (0 ms total)
[  PASSED  ] 1 test.
<end of output>
Test time =   0.00 sec
----------------------------------------------------------
Test Passed.
"CharMappingChar.YoUppercase" end time: Mar 26 17:22 MSK
"CharMappingChar.YoUppercase" time elapsed: 00:00:00
----------------------------------------------------------

7/61 Testing: CharMappingWord.SwapRussianWordToEnglish
7/61 Test: CharMappingWord.SwapRussianWordToEnglish
Command: "/home/i/PUNTO/_build/tests/punto-tests" "--gtest_filter=CharMappingWord.SwapRussianWordToEnglish" "--gtest_also_run_disabled_tests"
Directory: /home/i/PUNTO/_build/tests
"CharMappingWord.SwapRussianWordToEnglish" start time: Mar 26 17:22 MSK
Output:
----------------------------------------------------------
Running main() from ./googletest/src/gtest_main.cc
Note: Google Test filter = CharMappingWord.SwapRussianWordToEnglish
[==========] Running 1 test from 1 test suite.
[----------] Global test environment set-up.
[----------] 1 test from CharMappingWord
[ RUN      ] CharMappingWord.SwapRussianWordToEnglish
[       OK ] CharMappingWord.SwapRussianWordToEnglish (0 ms)
[----------] 1 test from CharMappingWord (0 ms total)

[----------] Global test environment tear-down
[==========] 1 test from 1 test suite ran. (0 ms total)
[  PASSED  ] 1 test.
<end of output>
Test time =   0.00 sec
----------------------------------------------------------
Test Passed.
"CharMappingWord.SwapRussianWordToEnglish" end time: Mar 26 17:22 MSK
"CharMappingWord.SwapRussianWordToEnglish" time elapsed: 00:00:00
----------------------------------------------------------

8/61 Testing: CharMappingWord.SwapEnglishWordToRussian
8/61 Test: CharMappingWord.SwapEnglishWordToRussian
Command: "/home/i/PUNTO/_build/tests/punto-tests" "--gtest_filter=CharMappingWord.SwapEnglishWordToRussian" "--gtest_also_run_disabled_tests"
Directory: /home/i/PUNTO/_build/tests
"CharMappingWord.SwapEnglishWordToRussian" start time: Mar 26 17:22 MSK
Output:
----------------------------------------------------------
Running main() from ./googletest/src/gtest_main.cc
Note: Google Test filter = CharMappingWord.SwapEnglishWordToRussian
[==========] Running 1 test from 1 test suite.
[----------] Global test environment set-up.
[----------] 1 test from CharMappingWord
[ RUN      ] CharMappingWord.SwapEnglishWordToRussian
[       OK ] CharMappingWord.SwapEnglishWordToRussian (0 ms)
[----------] 1 test from CharMappingWord (0 ms total)

[----------] Global test environment tear-down
[==========] 1 test from 1 test suite ran. (0 ms total)
[  PASSED  ] 1 test.
<end of output>
Test time =   0.00 sec
----------------------------------------------------------
Test Passed.
"CharMappingWord.SwapEnglishWordToRussian" end time: Mar 26 17:22 MSK
"CharMappingWord.SwapEnglishWordToRussian" time elapsed: 00:00:00
----------------------------------------------------------

9/61 Testing: CharMappingWord.SwapTitleCase
9/61 Test: CharMappingWord.SwapTitleCase
Command: "/home/i/PUNTO/_build/tests/punto-tests" "--gtest_filter=CharMappingWord.SwapTitleCase" "--gtest_also_run_disabled_tests"
Directory: /home/i/PUNTO/_build/tests
"CharMappingWord.SwapTitleCase" start time: Mar 26 17:22 MSK
Output:
----------------------------------------------------------
Running main() from ./googletest/src/gtest_main.cc
Note: Google Test filter = CharMappingWord.SwapTitleCase
[==========] Running 1 test from 1 test suite.
[----------] Global test environment set-up.
[----------] 1 test from CharMappingWord
[ RUN      ] CharMappingWord.SwapTitleCase
[       OK ] CharMappingWord.SwapTitleCase (0 ms)
[----------] 1 test from CharMappingWord (0 ms total)

[----------] Global test environment tear-down
[==========] 1 test from 1 test suite ran. (0 ms total)
[  PASSED  ] 1 test.
<end of output>
Test time =   0.00 sec
----------------------------------------------------------
Test Passed.
"CharMappingWord.SwapTitleCase" end time: Mar 26 17:22 MSK
"CharMappingWord.SwapTitleCase" time elapsed: 00:00:00
----------------------------------------------------------

10/61 Testing: CharMappingWord.SwapAllCaps
10/61 Test: CharMappingWord.SwapAllCaps
Command: "/home/i/PUNTO/_build/tests/punto-tests" "--gtest_filter=CharMappingWord.SwapAllCaps" "--gtest_also_run_disabled_tests"
Directory: /home/i/PUNTO/_build/tests
"CharMappingWord.SwapAllCaps" start time: Mar 26 17:22 MSK
Output:
----------------------------------------------------------
Running main() from ./googletest/src/gtest_main.cc
Note: Google Test filter = CharMappingWord.SwapAllCaps
[==========] Running 1 test from 1 test suite.
[----------] Global test environment set-up.
[----------] 1 test from CharMappingWord
[ RUN      ] CharMappingWord.SwapAllCaps
[       OK ] CharMappingWord.SwapAllCaps (0 ms)
[----------] 1 test from CharMappingWord (0 ms total)

[----------] Global test environment tear-down
[==========] 1 test from 1 test suite ran. (0 ms total)
[  PASSED  ] 1 test.
<end of output>
Test time =   0.00 sec
----------------------------------------------------------
Test Passed.
"CharMappingWord.SwapAllCaps" end time: Mar 26 17:22 MSK
"CharMappingWord.SwapAllCaps" time elapsed: 00:00:00
----------------------------------------------------------

11/61 Testing: CharMappingWord.SwapLatinAllCapsToRussianAllCaps
11/61 Test: CharMappingWord.SwapLatinAllCapsToRussianAllCaps
Command: "/home/i/PUNTO/_build/tests/punto-tests" "--gtest_filter=CharMappingWord.SwapLatinAllCapsToRussianAllCaps" "--gtest_also_run_disabled_tests"
Directory: /home/i/PUNTO/_build/tests
"CharMappingWord.SwapLatinAllCapsToRussianAllCaps" start time: Mar 26 17:22 MSK
Output:
----------------------------------------------------------
Running main() from ./googletest/src/gtest_main.cc
Note: Google Test filter = CharMappingWord.SwapLatinAllCapsToRussianAllCaps
[==========] Running 1 test from 1 test suite.
[----------] Global test environment set-up.
[----------] 1 test from CharMappingWord
[ RUN      ] CharMappingWord.SwapLatinAllCapsToRussianAllCaps
[       OK ] CharMappingWord.SwapLatinAllCapsToRussianAllCaps (0 ms)
[----------] 1 test from CharMappingWord (0 ms total)

[----------] Global test environment tear-down
[==========] 1 test from 1 test suite ran. (0 ms total)
[  PASSED  ] 1 test.
<end of output>
Test time =   0.00 sec
----------------------------------------------------------
Test Passed.
"CharMappingWord.SwapLatinAllCapsToRussianAllCaps" end time: Mar 26 17:22 MSK
"CharMappingWord.SwapLatinAllCapsToRussianAllCaps" time elapsed: 00:00:00
----------------------------------------------------------

12/61 Testing: CharMappingWord.DoubleSwapIsIdentity
12/61 Test: CharMappingWord.DoubleSwapIsIdentity
Command: "/home/i/PUNTO/_build/tests/punto-tests" "--gtest_filter=CharMappingWord.DoubleSwapIsIdentity" "--gtest_also_run_disabled_tests"
Directory: /home/i/PUNTO/_build/tests
"CharMappingWord.DoubleSwapIsIdentity" start time: Mar 26 17:22 MSK
Output:
----------------------------------------------------------
Running main() from ./googletest/src/gtest_main.cc
Note: Google Test filter = CharMappingWord.DoubleSwapIsIdentity
[==========] Running 1 test from 1 test suite.
[----------] Global test environment set-up.
[----------] 1 test from CharMappingWord
[ RUN      ] CharMappingWord.DoubleSwapIsIdentity
[       OK ] CharMappingWord.DoubleSwapIsIdentity (0 ms)
[----------] 1 test from CharMappingWord (0 ms total)

[----------] Global test environment tear-down
[==========] 1 test from 1 test suite ran. (0 ms total)
[  PASSED  ] 1 test.
<end of output>
Test time =   0.00 sec
----------------------------------------------------------
Test Passed.
"CharMappingWord.DoubleSwapIsIdentity" end time: Mar 26 17:22 MSK
"CharMappingWord.DoubleSwapIsIdentity" time elapsed: 00:00:00
----------------------------------------------------------

13/61 Testing: CharMappingWord.DoubleSwapEnglish
13/61 Test: CharMappingWord.DoubleSwapEnglish
Command: "/home/i/PUNTO/_build/tests/punto-tests" "--gtest_filter=CharMappingWord.DoubleSwapEnglish" "--gtest_also_run_disabled_tests"
Directory: /home/i/PUNTO/_build/tests
"CharMappingWord.DoubleSwapEnglish" start time: Mar 26 17:22 MSK
Output:
----------------------------------------------------------
Running main() from ./googletest/src/gtest_main.cc
Note: Google Test filter = CharMappingWord.DoubleSwapEnglish
[==========] Running 1 test from 1 test suite.
[----------] Global test environment set-up.
[----------] 1 test from CharMappingWord
[ RUN      ] CharMappingWord.DoubleSwapEnglish
[       OK ] CharMappingWord.DoubleSwapEnglish (0 ms)
[----------] 1 test from CharMappingWord (0 ms total)

[----------] Global test environment tear-down
[==========] 1 test from 1 test suite ran. (0 ms total)
[  PASSED  ] 1 test.
<end of output>
Test time =   0.00 sec
----------------------------------------------------------
Test Passed.
"CharMappingWord.DoubleSwapEnglish" end time: Mar 26 17:22 MSK
"CharMappingWord.DoubleSwapEnglish" time elapsed: 00:00:00
----------------------------------------------------------

14/61 Testing: CharMappingWord.YoCharacter
14/61 Test: CharMappingWord.YoCharacter
Command: "/home/i/PUNTO/_build/tests/punto-tests" "--gtest_filter=CharMappingWord.YoCharacter" "--gtest_also_run_disabled_tests"
Directory: /home/i/PUNTO/_build/tests
"CharMappingWord.YoCharacter" start time: Mar 26 17:22 MSK
Output:
----------------------------------------------------------
Running main() from ./googletest/src/gtest_main.cc
Note: Google Test filter = CharMappingWord.YoCharacter
[==========] Running 1 test from 1 test suite.
[----------] Global test environment set-up.
[----------] 1 test from CharMappingWord
[ RUN      ] CharMappingWord.YoCharacter
[       OK ] CharMappingWord.YoCharacter (0 ms)
[----------] 1 test from CharMappingWord (0 ms total)

[----------] Global test environment tear-down
[==========] 1 test from 1 test suite ran. (0 ms total)
[  PASSED  ] 1 test.
<end of output>
Test time =   0.00 sec
----------------------------------------------------------
Test Passed.
"CharMappingWord.YoCharacter" end time: Mar 26 17:22 MSK
"CharMappingWord.YoCharacter" time elapsed: 00:00:00
----------------------------------------------------------

15/61 Testing: CharMappingWord.HardSign
15/61 Test: CharMappingWord.HardSign
Command: "/home/i/PUNTO/_build/tests/punto-tests" "--gtest_filter=CharMappingWord.HardSign" "--gtest_also_run_disabled_tests"
Directory: /home/i/PUNTO/_build/tests
"CharMappingWord.HardSign" start time: Mar 26 17:22 MSK
Output:
----------------------------------------------------------
Running main() from ./googletest/src/gtest_main.cc
Note: Google Test filter = CharMappingWord.HardSign
[==========] Running 1 test from 1 test suite.
[----------] Global test environment set-up.
[----------] 1 test from CharMappingWord
[ RUN      ] CharMappingWord.HardSign
[       OK ] CharMappingWord.HardSign (0 ms)
[----------] 1 test from CharMappingWord (0 ms total)

[----------] Global test environment tear-down
[==========] 1 test from 1 test suite ran. (0 ms total)
[  PASSED  ] 1 test.
<end of output>
Test time =   0.00 sec
----------------------------------------------------------
Test Passed.
"CharMappingWord.HardSign" end time: Mar 26 17:22 MSK
"CharMappingWord.HardSign" time elapsed: 00:00:00
----------------------------------------------------------

16/61 Testing: CharMappingWord.NonLettersPassThrough
16/61 Test: CharMappingWord.NonLettersPassThrough
Command: "/home/i/PUNTO/_build/tests/punto-tests" "--gtest_filter=CharMappingWord.NonLettersPassThrough" "--gtest_also_run_disabled_tests"
Directory: /home/i/PUNTO/_build/tests
"CharMappingWord.NonLettersPassThrough" start time: Mar 26 17:22 MSK
Output:
----------------------------------------------------------
Running main() from ./googletest/src/gtest_main.cc
Note: Google Test filter = CharMappingWord.NonLettersPassThrough
[==========] Running 1 test from 1 test suite.
[----------] Global test environment set-up.
[----------] 1 test from CharMappingWord
[ RUN      ] CharMappingWord.NonLettersPassThrough
[       OK ] CharMappingWord.NonLettersPassThrough (0 ms)
[----------] 1 test from CharMappingWord (0 ms total)

[----------] Global test environment tear-down
[==========] 1 test from 1 test suite ran. (0 ms total)
[  PASSED  ] 1 test.
<end of output>
Test time =   0.00 sec
----------------------------------------------------------
Test Passed.
"CharMappingWord.NonLettersPassThrough" end time: Mar 26 17:22 MSK
"CharMappingWord.NonLettersPassThrough" time elapsed: 00:00:00
----------------------------------------------------------

17/61 Testing: CharMappingWord.ShiftPunctuationRoundTrip
17/61 Test: CharMappingWord.ShiftPunctuationRoundTrip
Command: "/home/i/PUNTO/_build/tests/punto-tests" "--gtest_filter=CharMappingWord.ShiftPunctuationRoundTrip" "--gtest_also_run_disabled_tests"
Directory: /home/i/PUNTO/_build/tests
"CharMappingWord.ShiftPunctuationRoundTrip" start time: Mar 26 17:22 MSK
Output:
----------------------------------------------------------
Running main() from ./googletest/src/gtest_main.cc
Note: Google Test filter = CharMappingWord.ShiftPunctuationRoundTrip
[==========] Running 1 test from 1 test suite.
[----------] Global test environment set-up.
[----------] 1 test from CharMappingWord
[ RUN      ] CharMappingWord.ShiftPunctuationRoundTrip
[       OK ] CharMappingWord.ShiftPunctuationRoundTrip (0 ms)
[----------] 1 test from CharMappingWord (0 ms total)

[----------] Global test environment tear-down
[==========] 1 test from 1 test suite ran. (0 ms total)
[  PASSED  ] 1 test.
<end of output>
Test time =   0.00 sec
----------------------------------------------------------
Test Passed.
"CharMappingWord.ShiftPunctuationRoundTrip" end time: Mar 26 17:22 MSK
"CharMappingWord.ShiftPunctuationRoundTrip" time elapsed: 00:00:00
----------------------------------------------------------

18/61 Testing: CharMappingWord.DotSlashPhysicalKeyRoundTrip
18/61 Test: CharMappingWord.DotSlashPhysicalKeyRoundTrip
Command: "/home/i/PUNTO/_build/tests/punto-tests" "--gtest_filter=CharMappingWord.DotSlashPhysicalKeyRoundTrip" "--gtest_also_run_disabled_tests"
Directory: /home/i/PUNTO/_build/tests
"CharMappingWord.DotSlashPhysicalKeyRoundTrip" start time: Mar 26 17:22 MSK
Output:
----------------------------------------------------------
Running main() from ./googletest/src/gtest_main.cc
Note: Google Test filter = CharMappingWord.DotSlashPhysicalKeyRoundTrip
[==========] Running 1 test from 1 test suite.
[----------] Global test environment set-up.
[----------] 1 test from CharMappingWord
[ RUN      ] CharMappingWord.DotSlashPhysicalKeyRoundTrip
[       OK ] CharMappingWord.DotSlashPhysicalKeyRoundTrip (0 ms)
[----------] 1 test from CharMappingWord (0 ms total)

[----------] Global test environment tear-down
[==========] 1 test from 1 test suite ran. (0 ms total)
[  PASSED  ] 1 test.
<end of output>
Test time =   0.00 sec
----------------------------------------------------------
Test Passed.
"CharMappingWord.DotSlashPhysicalKeyRoundTrip" end time: Mar 26 17:22 MSK
"CharMappingWord.DotSlashPhysicalKeyRoundTrip" time elapsed: 00:00:00
----------------------------------------------------------

19/61 Testing: CharMappingLayout.DetectRussian
19/61 Test: CharMappingLayout.DetectRussian
Command: "/home/i/PUNTO/_build/tests/punto-tests" "--gtest_filter=CharMappingLayout.DetectRussian" "--gtest_also_run_disabled_tests"
Directory: /home/i/PUNTO/_build/tests
"CharMappingLayout.DetectRussian" start time: Mar 26 17:22 MSK
Output:
----------------------------------------------------------
Running main() from ./googletest/src/gtest_main.cc
Note: Google Test filter = CharMappingLayout.DetectRussian
[==========] Running 1 test from 1 test suite.
[----------] Global test environment set-up.
[----------] 1 test from CharMappingLayout
[ RUN      ] CharMappingLayout.DetectRussian
[       OK ] CharMappingLayout.DetectRussian (0 ms)
[----------] 1 test from CharMappingLayout (0 ms total)

[----------] Global test environment tear-down
[==========] 1 test from 1 test suite ran. (0 ms total)
[  PASSED  ] 1 test.
<end of output>
Test time =   0.00 sec
----------------------------------------------------------
Test Passed.
"CharMappingLayout.DetectRussian" end time: Mar 26 17:22 MSK
"CharMappingLayout.DetectRussian" time elapsed: 00:00:00
----------------------------------------------------------

20/61 Testing: CharMappingLayout.DetectEnglish
20/61 Test: CharMappingLayout.DetectEnglish
Command: "/home/i/PUNTO/_build/tests/punto-tests" "--gtest_filter=CharMappingLayout.DetectEnglish" "--gtest_also_run_disabled_tests"
Directory: /home/i/PUNTO/_build/tests
"CharMappingLayout.DetectEnglish" start time: Mar 26 17:22 MSK
Output:
----------------------------------------------------------
Running main() from ./googletest/src/gtest_main.cc
Note: Google Test filter = CharMappingLayout.DetectEnglish
[==========] Running 1 test from 1 test suite.
[----------] Global test environment set-up.
[----------] 1 test from CharMappingLayout
[ RUN      ] CharMappingLayout.DetectEnglish
[       OK ] CharMappingLayout.DetectEnglish (0 ms)
[----------] 1 test from CharMappingLayout (0 ms total)

[----------] Global test environment tear-down
[==========] 1 test from 1 test suite ran. (0 ms total)
[  PASSED  ] 1 test.
<end of output>
Test time =   0.00 sec
----------------------------------------------------------
Test Passed.
"CharMappingLayout.DetectEnglish" end time: Mar 26 17:22 MSK
"CharMappingLayout.DetectEnglish" time elapsed: 00:00:00
----------------------------------------------------------

21/61 Testing: CharMappingLayout.DetectMixed
21/61 Test: CharMappingLayout.DetectMixed
Command: "/home/i/PUNTO/_build/tests/punto-tests" "--gtest_filter=CharMappingLayout.DetectMixed" "--gtest_also_run_disabled_tests"
Directory: /home/i/PUNTO/_build/tests
"CharMappingLayout.DetectMixed" start time: Mar 26 17:22 MSK
Output:
----------------------------------------------------------
Running main() from ./googletest/src/gtest_main.cc
Note: Google Test filter = CharMappingLayout.DetectMixed
[==========] Running 1 test from 1 test suite.
[----------] Global test environment set-up.
[----------] 1 test from CharMappingLayout
[ RUN      ] CharMappingLayout.DetectMixed
[       OK ] CharMappingLayout.DetectMixed (0 ms)
[----------] 1 test from CharMappingLayout (0 ms total)

[----------] Global test environment tear-down
[==========] 1 test from 1 test suite ran. (0 ms total)
[  PASSED  ] 1 test.
<end of output>
Test time =   0.00 sec
----------------------------------------------------------
Test Passed.
"CharMappingLayout.DetectMixed" end time: Mar 26 17:22 MSK
"CharMappingLayout.DetectMixed" time elapsed: 00:00:00
----------------------------------------------------------

22/61 Testing: WordBoundary.SpaceIsBoundary
22/61 Test: WordBoundary.SpaceIsBoundary
Command: "/home/i/PUNTO/_build/tests/punto-tests" "--gtest_filter=WordBoundary.SpaceIsBoundary" "--gtest_also_run_disabled_tests"
Directory: /home/i/PUNTO/_build/tests
"WordBoundary.SpaceIsBoundary" start time: Mar 26 17:22 MSK
Output:
----------------------------------------------------------
Running main() from ./googletest/src/gtest_main.cc
Note: Google Test filter = WordBoundary.SpaceIsBoundary
[==========] Running 1 test from 1 test suite.
[----------] Global test environment set-up.
[----------] 1 test from WordBoundary
[ RUN      ] WordBoundary.SpaceIsBoundary
[       OK ] WordBoundary.SpaceIsBoundary (0 ms)
[----------] 1 test from WordBoundary (0 ms total)

[----------] Global test environment tear-down
[==========] 1 test from 1 test suite ran. (0 ms total)
[  PASSED  ] 1 test.
<end of output>
Test time =   0.00 sec
----------------------------------------------------------
Test Passed.
"WordBoundary.SpaceIsBoundary" end time: Mar 26 17:22 MSK
"WordBoundary.SpaceIsBoundary" time elapsed: 00:00:00
----------------------------------------------------------

23/61 Testing: WordBoundary.PunctIsBoundary
23/61 Test: WordBoundary.PunctIsBoundary
Command: "/home/i/PUNTO/_build/tests/punto-tests" "--gtest_filter=WordBoundary.PunctIsBoundary" "--gtest_also_run_disabled_tests"
Directory: /home/i/PUNTO/_build/tests
"WordBoundary.PunctIsBoundary" start time: Mar 26 17:22 MSK
Output:
----------------------------------------------------------
Running main() from ./googletest/src/gtest_main.cc
Note: Google Test filter = WordBoundary.PunctIsBoundary
[==========] Running 1 test from 1 test suite.
[----------] Global test environment set-up.
[----------] 1 test from WordBoundary
[ RUN      ] WordBoundary.PunctIsBoundary
[       OK ] WordBoundary.PunctIsBoundary (0 ms)
[----------] 1 test from WordBoundary (0 ms total)

[----------] Global test environment tear-down
[==========] 1 test from 1 test suite ran. (0 ms total)
[  PASSED  ] 1 test.
<end of output>
Test time =   0.00 sec
----------------------------------------------------------
Test Passed.
"WordBoundary.PunctIsBoundary" end time: Mar 26 17:22 MSK
"WordBoundary.PunctIsBoundary" time elapsed: 00:00:00
----------------------------------------------------------

24/61 Testing: WordBoundary.LetterIsNotBoundary
24/61 Test: WordBoundary.LetterIsNotBoundary
Command: "/home/i/PUNTO/_build/tests/punto-tests" "--gtest_filter=WordBoundary.LetterIsNotBoundary" "--gtest_also_run_disabled_tests"
Directory: /home/i/PUNTO/_build/tests
"WordBoundary.LetterIsNotBoundary" start time: Mar 26 17:22 MSK
Output:
----------------------------------------------------------
Running main() from ./googletest/src/gtest_main.cc
Note: Google Test filter = WordBoundary.LetterIsNotBoundary
[==========] Running 1 test from 1 test suite.
[----------] Global test environment set-up.
[----------] 1 test from WordBoundary
[ RUN      ] WordBoundary.LetterIsNotBoundary
[       OK ] WordBoundary.LetterIsNotBoundary (0 ms)
[----------] 1 test from WordBoundary (0 ms total)

[----------] Global test environment tear-down
[==========] 1 test from 1 test suite ran. (0 ms total)
[  PASSED  ] 1 test.
<end of output>
Test time =   0.00 sec
----------------------------------------------------------
Test Passed.
"WordBoundary.LetterIsNotBoundary" end time: Mar 26 17:22 MSK
"WordBoundary.LetterIsNotBoundary" time elapsed: 00:00:00
----------------------------------------------------------

25/61 Testing: SwapLastWord.SimpleEnglishWord
25/61 Test: SwapLastWord.SimpleEnglishWord
Command: "/home/i/PUNTO/_build/tests/punto-tests" "--gtest_filter=SwapLastWord.SimpleEnglishWord" "--gtest_also_run_disabled_tests"
Directory: /home/i/PUNTO/_build/tests
"SwapLastWord.SimpleEnglishWord" start time: Mar 26 17:22 MSK
Output:
----------------------------------------------------------
Running main() from ./googletest/src/gtest_main.cc
Note: Google Test filter = SwapLastWord.SimpleEnglishWord
[==========] Running 1 test from 1 test suite.
[----------] Global test environment set-up.
[----------] 1 test from SwapLastWord
[ RUN      ] SwapLastWord.SimpleEnglishWord
[       OK ] SwapLastWord.SimpleEnglishWord (0 ms)
[----------] 1 test from SwapLastWord (0 ms total)

[----------] Global test environment tear-down
[==========] 1 test from 1 test suite ran. (0 ms total)
[  PASSED  ] 1 test.
<end of output>
Test time =   0.00 sec
----------------------------------------------------------
Test Passed.
"SwapLastWord.SimpleEnglishWord" end time: Mar 26 17:22 MSK
"SwapLastWord.SimpleEnglishWord" time elapsed: 00:00:00
----------------------------------------------------------

26/61 Testing: SwapLastWord.SimpleRussianWord
26/61 Test: SwapLastWord.SimpleRussianWord
Command: "/home/i/PUNTO/_build/tests/punto-tests" "--gtest_filter=SwapLastWord.SimpleRussianWord" "--gtest_also_run_disabled_tests"
Directory: /home/i/PUNTO/_build/tests
"SwapLastWord.SimpleRussianWord" start time: Mar 26 17:22 MSK
Output:
----------------------------------------------------------
Running main() from ./googletest/src/gtest_main.cc
Note: Google Test filter = SwapLastWord.SimpleRussianWord
[==========] Running 1 test from 1 test suite.
[----------] Global test environment set-up.
[----------] 1 test from SwapLastWord
[ RUN      ] SwapLastWord.SimpleRussianWord
[       OK ] SwapLastWord.SimpleRussianWord (0 ms)
[----------] 1 test from SwapLastWord (0 ms total)

[----------] Global test environment tear-down
[==========] 1 test from 1 test suite ran. (0 ms total)
[  PASSED  ] 1 test.
<end of output>
Test time =   0.00 sec
----------------------------------------------------------
Test Passed.
"SwapLastWord.SimpleRussianWord" end time: Mar 26 17:22 MSK
"SwapLastWord.SimpleRussianWord" time elapsed: 00:00:00
----------------------------------------------------------

27/61 Testing: SwapLastWord.WordAfterSpace
27/61 Test: SwapLastWord.WordAfterSpace
Command: "/home/i/PUNTO/_build/tests/punto-tests" "--gtest_filter=SwapLastWord.WordAfterSpace" "--gtest_also_run_disabled_tests"
Directory: /home/i/PUNTO/_build/tests
"SwapLastWord.WordAfterSpace" start time: Mar 26 17:22 MSK
Output:
----------------------------------------------------------
Running main() from ./googletest/src/gtest_main.cc
Note: Google Test filter = SwapLastWord.WordAfterSpace
[==========] Running 1 test from 1 test suite.
[----------] Global test environment set-up.
[----------] 1 test from SwapLastWord
[ RUN      ] SwapLastWord.WordAfterSpace
[       OK ] SwapLastWord.WordAfterSpace (0 ms)
[----------] 1 test from SwapLastWord (0 ms total)

[----------] Global test environment tear-down
[==========] 1 test from 1 test suite ran. (0 ms total)
[  PASSED  ] 1 test.
<end of output>
Test time =   0.00 sec
----------------------------------------------------------
Test Passed.
"SwapLastWord.WordAfterSpace" end time: Mar 26 17:22 MSK
"SwapLastWord.WordAfterSpace" time elapsed: 00:00:00
----------------------------------------------------------

28/61 Testing: SwapLastWord.WordAfterBoundaryChar
28/61 Test: SwapLastWord.WordAfterBoundaryChar
Command: "/home/i/PUNTO/_build/tests/punto-tests" "--gtest_filter=SwapLastWord.WordAfterBoundaryChar" "--gtest_also_run_disabled_tests"
Directory: /home/i/PUNTO/_build/tests
"SwapLastWord.WordAfterBoundaryChar" start time: Mar 26 17:22 MSK
Output:
----------------------------------------------------------
Running main() from ./googletest/src/gtest_main.cc
Note: Google Test filter = SwapLastWord.WordAfterBoundaryChar
[==========] Running 1 test from 1 test suite.
[----------] Global test environment set-up.
[----------] 1 test from SwapLastWord
[ RUN      ] SwapLastWord.WordAfterBoundaryChar
[       OK ] SwapLastWord.WordAfterBoundaryChar (0 ms)
[----------] 1 test from SwapLastWord (0 ms total)

[----------] Global test environment tear-down
[==========] 1 test from 1 test suite ran. (0 ms total)
[  PASSED  ] 1 test.
<end of output>
Test time =   0.00 sec
----------------------------------------------------------
Test Passed.
"SwapLastWord.WordAfterBoundaryChar" end time: Mar 26 17:22 MSK
"SwapLastWord.WordAfterBoundaryChar" time elapsed: 00:00:00
----------------------------------------------------------

29/61 Testing: SwapLastWord.TextEndsWithBoundary
29/61 Test: SwapLastWord.TextEndsWithBoundary
Command: "/home/i/PUNTO/_build/tests/punto-tests" "--gtest_filter=SwapLastWord.TextEndsWithBoundary" "--gtest_also_run_disabled_tests"
Directory: /home/i/PUNTO/_build/tests
"SwapLastWord.TextEndsWithBoundary" start time: Mar 26 17:22 MSK
Output:
----------------------------------------------------------
Running main() from ./googletest/src/gtest_main.cc
Note: Google Test filter = SwapLastWord.TextEndsWithBoundary
[==========] Running 1 test from 1 test suite.
[----------] Global test environment set-up.
[----------] 1 test from SwapLastWord
[ RUN      ] SwapLastWord.TextEndsWithBoundary
[       OK ] SwapLastWord.TextEndsWithBoundary (0 ms)
[----------] 1 test from SwapLastWord (0 ms total)

[----------] Global test environment tear-down
[==========] 1 test from 1 test suite ran. (0 ms total)
[  PASSED  ] 1 test.
<end of output>
Test time =   0.00 sec
----------------------------------------------------------
Test Passed.
"SwapLastWord.TextEndsWithBoundary" end time: Mar 26 17:22 MSK
"SwapLastWord.TextEndsWithBoundary" time elapsed: 00:00:00
----------------------------------------------------------

30/61 Testing: SwapLastWord.CursorAtStart
30/61 Test: SwapLastWord.CursorAtStart
Command: "/home/i/PUNTO/_build/tests/punto-tests" "--gtest_filter=SwapLastWord.CursorAtStart" "--gtest_also_run_disabled_tests"
Directory: /home/i/PUNTO/_build/tests
"SwapLastWord.CursorAtStart" start time: Mar 26 17:22 MSK
Output:
----------------------------------------------------------
Running main() from ./googletest/src/gtest_main.cc
Note: Google Test filter = SwapLastWord.CursorAtStart
[==========] Running 1 test from 1 test suite.
[----------] Global test environment set-up.
[----------] 1 test from SwapLastWord
[ RUN      ] SwapLastWord.CursorAtStart
[       OK ] SwapLastWord.CursorAtStart (0 ms)
[----------] 1 test from SwapLastWord (0 ms total)

[----------] Global test environment tear-down
[==========] 1 test from 1 test suite ran. (0 ms total)
[  PASSED  ] 1 test.
<end of output>
Test time =   0.00 sec
----------------------------------------------------------
Test Passed.
"SwapLastWord.CursorAtStart" end time: Mar 26 17:22 MSK
"SwapLastWord.CursorAtStart" time elapsed: 00:00:00
----------------------------------------------------------

31/61 Testing: SwapLastWord.OnlyBoundaryChars
31/61 Test: SwapLastWord.OnlyBoundaryChars
Command: "/home/i/PUNTO/_build/tests/punto-tests" "--gtest_filter=SwapLastWord.OnlyBoundaryChars" "--gtest_also_run_disabled_tests"
Directory: /home/i/PUNTO/_build/tests
"SwapLastWord.OnlyBoundaryChars" start time: Mar 26 17:22 MSK
Output:
----------------------------------------------------------
Running main() from ./googletest/src/gtest_main.cc
Note: Google Test filter = SwapLastWord.OnlyBoundaryChars
[==========] Running 1 test from 1 test suite.
[----------] Global test environment set-up.
[----------] 1 test from SwapLastWord
[ RUN      ] SwapLastWord.OnlyBoundaryChars
[       OK ] SwapLastWord.OnlyBoundaryChars (0 ms)
[----------] 1 test from SwapLastWord (0 ms total)

[----------] Global test environment tear-down
[==========] 1 test from 1 test suite ran. (0 ms total)
[  PASSED  ] 1 test.
<end of output>
Test time =   0.00 sec
----------------------------------------------------------
Test Passed.
"SwapLastWord.OnlyBoundaryChars" end time: Mar 26 17:22 MSK
"SwapLastWord.OnlyBoundaryChars" time elapsed: 00:00:00
----------------------------------------------------------

32/61 Testing: SwapLastWord.NoMappableChars
32/61 Test: SwapLastWord.NoMappableChars
Command: "/home/i/PUNTO/_build/tests/punto-tests" "--gtest_filter=SwapLastWord.NoMappableChars" "--gtest_also_run_disabled_tests"
Directory: /home/i/PUNTO/_build/tests
"SwapLastWord.NoMappableChars" start time: Mar 26 17:22 MSK
Output:
----------------------------------------------------------
Running main() from ./googletest/src/gtest_main.cc
Note: Google Test filter = SwapLastWord.NoMappableChars
[==========] Running 1 test from 1 test suite.
[----------] Global test environment set-up.
[----------] 1 test from SwapLastWord
[ RUN      ] SwapLastWord.NoMappableChars
[       OK ] SwapLastWord.NoMappableChars (0 ms)
[----------] 1 test from SwapLastWord (0 ms total)

[----------] Global test environment tear-down
[==========] 1 test from 1 test suite ran. (0 ms total)
[  PASSED  ] 1 test.
<end of output>
Test time =   0.00 sec
----------------------------------------------------------
Test Passed.
"SwapLastWord.NoMappableChars" end time: Mar 26 17:22 MSK
"SwapLastWord.NoMappableChars" time elapsed: 00:00:00
----------------------------------------------------------

33/61 Testing: SwapLastWord.HyphenInWord
33/61 Test: SwapLastWord.HyphenInWord
Command: "/home/i/PUNTO/_build/tests/punto-tests" "--gtest_filter=SwapLastWord.HyphenInWord" "--gtest_also_run_disabled_tests"
Directory: /home/i/PUNTO/_build/tests
"SwapLastWord.HyphenInWord" start time: Mar 26 17:22 MSK
Output:
----------------------------------------------------------
Running main() from ./googletest/src/gtest_main.cc
Note: Google Test filter = SwapLastWord.HyphenInWord
[==========] Running 1 test from 1 test suite.
[----------] Global test environment set-up.
[----------] 1 test from SwapLastWord
[ RUN      ] SwapLastWord.HyphenInWord
[       OK ] SwapLastWord.HyphenInWord (0 ms)
[----------] 1 test from SwapLastWord (0 ms total)

[----------] Global test environment tear-down
[==========] 1 test from 1 test suite ran. (0 ms total)
[  PASSED  ] 1 test.
<end of output>
Test time =   0.00 sec
----------------------------------------------------------
Test Passed.
"SwapLastWord.HyphenInWord" end time: Mar 26 17:22 MSK
"SwapLastWord.HyphenInWord" time elapsed: 00:00:00
----------------------------------------------------------

34/61 Testing: SwapSelection.BasicSelection
34/61 Test: SwapSelection.BasicSelection
Command: "/home/i/PUNTO/_build/tests/punto-tests" "--gtest_filter=SwapSelection.BasicSelection" "--gtest_also_run_disabled_tests"
Directory: /home/i/PUNTO/_build/tests
"SwapSelection.BasicSelection" start time: Mar 26 17:22 MSK
Output:
----------------------------------------------------------
Running main() from ./googletest/src/gtest_main.cc
Note: Google Test filter = SwapSelection.BasicSelection
[==========] Running 1 test from 1 test suite.
[----------] Global test environment set-up.
[----------] 1 test from SwapSelection
[ RUN      ] SwapSelection.BasicSelection
[       OK ] SwapSelection.BasicSelection (0 ms)
[----------] 1 test from SwapSelection (0 ms total)

[----------] Global test environment tear-down
[==========] 1 test from 1 test suite ran. (0 ms total)
[  PASSED  ] 1 test.
<end of output>
Test time =   0.00 sec
----------------------------------------------------------
Test Passed.
"SwapSelection.BasicSelection" end time: Mar 26 17:22 MSK
"SwapSelection.BasicSelection" time elapsed: 00:00:00
----------------------------------------------------------

35/61 Testing: SwapSelection.MultiWordSelection
35/61 Test: SwapSelection.MultiWordSelection
Command: "/home/i/PUNTO/_build/tests/punto-tests" "--gtest_filter=SwapSelection.MultiWordSelection" "--gtest_also_run_disabled_tests"
Directory: /home/i/PUNTO/_build/tests
"SwapSelection.MultiWordSelection" start time: Mar 26 17:22 MSK
Output:
----------------------------------------------------------
Running main() from ./googletest/src/gtest_main.cc
Note: Google Test filter = SwapSelection.MultiWordSelection
[==========] Running 1 test from 1 test suite.
[----------] Global test environment set-up.
[----------] 1 test from SwapSelection
[ RUN      ] SwapSelection.MultiWordSelection
[       OK ] SwapSelection.MultiWordSelection (0 ms)
[----------] 1 test from SwapSelection (0 ms total)

[----------] Global test environment tear-down
[==========] 1 test from 1 test suite ran. (0 ms total)
[  PASSED  ] 1 test.
<end of output>
Test time =   0.00 sec
----------------------------------------------------------
Test Passed.
"SwapSelection.MultiWordSelection" end time: Mar 26 17:22 MSK
"SwapSelection.MultiWordSelection" time elapsed: 00:00:00
----------------------------------------------------------

36/61 Testing: SwapSelection.EmptySelection
36/61 Test: SwapSelection.EmptySelection
Command: "/home/i/PUNTO/_build/tests/punto-tests" "--gtest_filter=SwapSelection.EmptySelection" "--gtest_also_run_disabled_tests"
Directory: /home/i/PUNTO/_build/tests
"SwapSelection.EmptySelection" start time: Mar 26 17:22 MSK
Output:
----------------------------------------------------------
Running main() from ./googletest/src/gtest_main.cc
Note: Google Test filter = SwapSelection.EmptySelection
[==========] Running 1 test from 1 test suite.
[----------] Global test environment set-up.
[----------] 1 test from SwapSelection
[ RUN      ] SwapSelection.EmptySelection
[       OK ] SwapSelection.EmptySelection (0 ms)
[----------] 1 test from SwapSelection (0 ms total)

[----------] Global test environment tear-down
[==========] 1 test from 1 test suite ran. (0 ms total)
[  PASSED  ] 1 test.
<end of output>
Test time =   0.00 sec
----------------------------------------------------------
Test Passed.
"SwapSelection.EmptySelection" end time: Mar 26 17:22 MSK
"SwapSelection.EmptySelection" time elapsed: 00:00:00
----------------------------------------------------------

37/61 Testing: SwapSelection.UppercasePreserved
37/61 Test: SwapSelection.UppercasePreserved
Command: "/home/i/PUNTO/_build/tests/punto-tests" "--gtest_filter=SwapSelection.UppercasePreserved" "--gtest_also_run_disabled_tests"
Directory: /home/i/PUNTO/_build/tests
"SwapSelection.UppercasePreserved" start time: Mar 26 17:22 MSK
Output:
----------------------------------------------------------
Running main() from ./googletest/src/gtest_main.cc
Note: Google Test filter = SwapSelection.UppercasePreserved
[==========] Running 1 test from 1 test suite.
[----------] Global test environment set-up.
[----------] 1 test from SwapSelection
[ RUN      ] SwapSelection.UppercasePreserved
[       OK ] SwapSelection.UppercasePreserved (0 ms)
[----------] 1 test from SwapSelection (0 ms total)

[----------] Global test environment tear-down
[==========] 1 test from 1 test suite ran. (0 ms total)
[  PASSED  ] 1 test.
<end of output>
Test time =   0.00 sec
----------------------------------------------------------
Test Passed.
"SwapSelection.UppercasePreserved" end time: Mar 26 17:22 MSK
"SwapSelection.UppercasePreserved" time elapsed: 00:00:00
----------------------------------------------------------

38/61 Testing: SwapRoundTrip.RussianWords
38/61 Test: SwapRoundTrip.RussianWords
Command: "/home/i/PUNTO/_build/tests/punto-tests" "--gtest_filter=SwapRoundTrip.RussianWords" "--gtest_also_run_disabled_tests"
Directory: /home/i/PUNTO/_build/tests
"SwapRoundTrip.RussianWords" start time: Mar 26 17:22 MSK
Output:
----------------------------------------------------------
Running main() from ./googletest/src/gtest_main.cc
Note: Google Test filter = SwapRoundTrip.RussianWords
[==========] Running 1 test from 1 test suite.
[----------] Global test environment set-up.
[----------] 1 test from SwapRoundTrip
[ RUN      ] SwapRoundTrip.RussianWords
[       OK ] SwapRoundTrip.RussianWords (0 ms)
[----------] 1 test from SwapRoundTrip (0 ms total)

[----------] Global test environment tear-down
[==========] 1 test from 1 test suite ran. (0 ms total)
[  PASSED  ] 1 test.
<end of output>
Test time =   0.00 sec
----------------------------------------------------------
Test Passed.
"SwapRoundTrip.RussianWords" end time: Mar 26 17:22 MSK
"SwapRoundTrip.RussianWords" time elapsed: 00:00:00
----------------------------------------------------------

39/61 Testing: SwapRoundTrip.EnglishWords
39/61 Test: SwapRoundTrip.EnglishWords
Command: "/home/i/PUNTO/_build/tests/punto-tests" "--gtest_filter=SwapRoundTrip.EnglishWords" "--gtest_also_run_disabled_tests"
Directory: /home/i/PUNTO/_build/tests
"SwapRoundTrip.EnglishWords" start time: Mar 26 17:22 MSK
Output:
----------------------------------------------------------
Running main() from ./googletest/src/gtest_main.cc
Note: Google Test filter = SwapRoundTrip.EnglishWords
[==========] Running 1 test from 1 test suite.
[----------] Global test environment set-up.
[----------] 1 test from SwapRoundTrip
[ RUN      ] SwapRoundTrip.EnglishWords
[       OK ] SwapRoundTrip.EnglishWords (0 ms)
[----------] 1 test from SwapRoundTrip (0 ms total)

[----------] Global test environment tear-down
[==========] 1 test from 1 test suite ran. (0 ms total)
[  PASSED  ] 1 test.
<end of output>
Test time =   0.00 sec
----------------------------------------------------------
Test Passed.
"SwapRoundTrip.EnglishWords" end time: Mar 26 17:22 MSK
"SwapRoundTrip.EnglishWords" time elapsed: 00:00:00
----------------------------------------------------------

40/61 Testing: Heuristic.EnglishGarbageFromRussianWord
40/61 Test: Heuristic.EnglishGarbageFromRussianWord
Command: "/home/i/PUNTO/_build/tests/punto-tests" "--gtest_filter=Heuristic.EnglishGarbageFromRussianWord" "--gtest_also_run_disabled_tests"
Directory: /home/i/PUNTO/_build/tests
"Heuristic.EnglishGarbageFromRussianWord" start time: Mar 26 17:22 MSK
Output:
----------------------------------------------------------
Running main() from ./googletest/src/gtest_main.cc
Note: Google Test filter = Heuristic.EnglishGarbageFromRussianWord
[==========] Running 1 test from 1 test suite.
[----------] Global test environment set-up.
[----------] 1 test from Heuristic
[ RUN      ] Heuristic.EnglishGarbageFromRussianWord
[       OK ] Heuristic.EnglishGarbageFromRussianWord (0 ms)
[----------] 1 test from Heuristic (0 ms total)

[----------] Global test environment tear-down
[==========] 1 test from 1 test suite ran. (0 ms total)
[  PASSED  ] 1 test.
<end of output>
Test time =   0.00 sec
----------------------------------------------------------
Test Passed.
"Heuristic.EnglishGarbageFromRussianWord" end time: Mar 26 17:22 MSK
"Heuristic.EnglishGarbageFromRussianWord" time elapsed: 00:00:00
----------------------------------------------------------

41/61 Testing: Heuristic.RealEnglishWordNotSwitched
41/61 Test: Heuristic.RealEnglishWordNotSwitched
Command: "/home/i/PUNTO/_build/tests/punto-tests" "--gtest_filter=Heuristic.RealEnglishWordNotSwitched" "--gtest_also_run_disabled_tests"
Directory: /home/i/PUNTO/_build/tests
"Heuristic.RealEnglishWordNotSwitched" start time: Mar 26 17:22 MSK
Output:
----------------------------------------------------------
Running main() from ./googletest/src/gtest_main.cc
Note: Google Test filter = Heuristic.RealEnglishWordNotSwitched
[==========] Running 1 test from 1 test suite.
[----------] Global test environment set-up.
[----------] 1 test from Heuristic
[ RUN      ] Heuristic.RealEnglishWordNotSwitched
[       OK ] Heuristic.RealEnglishWordNotSwitched (0 ms)
[----------] 1 test from Heuristic (0 ms total)

[----------] Global test environment tear-down
[==========] 1 test from 1 test suite ran. (0 ms total)
[  PASSED  ] 1 test.
<end of output>
Test time =   0.00 sec
----------------------------------------------------------
Test Passed.
"Heuristic.RealEnglishWordNotSwitched" end time: Mar 26 17:22 MSK
"Heuristic.RealEnglishWordNotSwitched" time elapsed: 00:00:00
----------------------------------------------------------

42/61 Testing: Heuristic.RealEnglishWordThe
42/61 Test: Heuristic.RealEnglishWordThe
Command: "/home/i/PUNTO/_build/tests/punto-tests" "--gtest_filter=Heuristic.RealEnglishWordThe" "--gtest_also_run_disabled_tests"
Directory: /home/i/PUNTO/_build/tests
"Heuristic.RealEnglishWordThe" start time: Mar 26 17:22 MSK
Output:
----------------------------------------------------------
Running main() from ./googletest/src/gtest_main.cc
Note: Google Test filter = Heuristic.RealEnglishWordThe
[==========] Running 1 test from 1 test suite.
[----------] Global test environment set-up.
[----------] 1 test from Heuristic
[ RUN      ] Heuristic.RealEnglishWordThe
[       OK ] Heuristic.RealEnglishWordThe (0 ms)
[----------] 1 test from Heuristic (0 ms total)

[----------] Global test environment tear-down
[==========] 1 test from 1 test suite ran. (0 ms total)
[  PASSED  ] 1 test.
<end of output>
Test time =   0.00 sec
----------------------------------------------------------
Test Passed.
"Heuristic.RealEnglishWordThe" end time: Mar 26 17:22 MSK
"Heuristic.RealEnglishWordThe" time elapsed: 00:00:00
----------------------------------------------------------

43/61 Testing: Heuristic.RealRussianWordNotSwitched
43/61 Test: Heuristic.RealRussianWordNotSwitched
Command: "/home/i/PUNTO/_build/tests/punto-tests" "--gtest_filter=Heuristic.RealRussianWordNotSwitched" "--gtest_also_run_disabled_tests"
Directory: /home/i/PUNTO/_build/tests
"Heuristic.RealRussianWordNotSwitched" start time: Mar 26 17:22 MSK
Output:
----------------------------------------------------------
Running main() from ./googletest/src/gtest_main.cc
Note: Google Test filter = Heuristic.RealRussianWordNotSwitched
[==========] Running 1 test from 1 test suite.
[----------] Global test environment set-up.
[----------] 1 test from Heuristic
[ RUN      ] Heuristic.RealRussianWordNotSwitched
[       OK ] Heuristic.RealRussianWordNotSwitched (0 ms)
[----------] 1 test from Heuristic (0 ms total)

[----------] Global test environment tear-down
[==========] 1 test from 1 test suite ran. (0 ms total)
[  PASSED  ] 1 test.
<end of output>
Test time =   0.00 sec
----------------------------------------------------------
Test Passed.
"Heuristic.RealRussianWordNotSwitched" end time: Mar 26 17:22 MSK
"Heuristic.RealRussianWordNotSwitched" time elapsed: 00:00:00
----------------------------------------------------------

44/61 Testing: Heuristic.RussianTitleCaseGreetingNotSwitched
44/61 Test: Heuristic.RussianTitleCaseGreetingNotSwitched
Command: "/home/i/PUNTO/_build/tests/punto-tests" "--gtest_filter=Heuristic.RussianTitleCaseGreetingNotSwitched" "--gtest_also_run_disabled_tests"
Directory: /home/i/PUNTO/_build/tests
"Heuristic.RussianTitleCaseGreetingNotSwitched" start time: Mar 26 17:22 MSK
Output:
----------------------------------------------------------
Running main() from ./googletest/src/gtest_main.cc
Note: Google Test filter = Heuristic.RussianTitleCaseGreetingNotSwitched
[==========] Running 1 test from 1 test suite.
[----------] Global test environment set-up.
[----------] 1 test from Heuristic
[ RUN      ] Heuristic.RussianTitleCaseGreetingNotSwitched
[       OK ] Heuristic.RussianTitleCaseGreetingNotSwitched (0 ms)
[----------] 1 test from Heuristic (0 ms total)

[----------] Global test environment tear-down
[==========] 1 test from 1 test suite ran. (0 ms total)
[  PASSED  ] 1 test.
<end of output>
Test time =   0.00 sec
----------------------------------------------------------
Test Passed.
"Heuristic.RussianTitleCaseGreetingNotSwitched" end time: Mar 26 17:22 MSK
"Heuristic.RussianTitleCaseGreetingNotSwitched" time elapsed: 00:00:00
----------------------------------------------------------

45/61 Testing: Heuristic.ShortWordIgnored
45/61 Test: Heuristic.ShortWordIgnored
Command: "/home/i/PUNTO/_build/tests/punto-tests" "--gtest_filter=Heuristic.ShortWordIgnored" "--gtest_also_run_disabled_tests"
Directory: /home/i/PUNTO/_build/tests
"Heuristic.ShortWordIgnored" start time: Mar 26 17:22 MSK
Output:
----------------------------------------------------------
Running main() from ./googletest/src/gtest_main.cc
Note: Google Test filter = Heuristic.ShortWordIgnored
[==========] Running 1 test from 1 test suite.
[----------] Global test environment set-up.
[----------] 1 test from Heuristic
[ RUN      ] Heuristic.ShortWordIgnored
[       OK ] Heuristic.ShortWordIgnored (0 ms)
[----------] 1 test from Heuristic (0 ms total)

[----------] Global test environment tear-down
[==========] 1 test from 1 test suite ran. (0 ms total)
[  PASSED  ] 1 test.
<end of output>
Test time =   0.00 sec
----------------------------------------------------------
Test Passed.
"Heuristic.ShortWordIgnored" end time: Mar 26 17:22 MSK
"Heuristic.ShortWordIgnored" time elapsed: 00:00:00
----------------------------------------------------------

46/61 Testing: Heuristic.DisabledNeverSwitches
46/61 Test: Heuristic.DisabledNeverSwitches
Command: "/home/i/PUNTO/_build/tests/punto-tests" "--gtest_filter=Heuristic.DisabledNeverSwitches" "--gtest_also_run_disabled_tests"
Directory: /home/i/PUNTO/_build/tests
"Heuristic.DisabledNeverSwitches" start time: Mar 26 17:22 MSK
Output:
----------------------------------------------------------
Running main() from ./googletest/src/gtest_main.cc
Note: Google Test filter = Heuristic.DisabledNeverSwitches
[==========] Running 1 test from 1 test suite.
[----------] Global test environment set-up.
[----------] 1 test from Heuristic
[ RUN      ] Heuristic.DisabledNeverSwitches
[       OK ] Heuristic.DisabledNeverSwitches (0 ms)
[----------] 1 test from Heuristic (0 ms total)

[----------] Global test environment tear-down
[==========] 1 test from 1 test suite ran. (0 ms total)
[  PASSED  ] 1 test.
<end of output>
Test time =   0.00 sec
----------------------------------------------------------
Test Passed.
"Heuristic.DisabledNeverSwitches" end time: Mar 26 17:22 MSK
"Heuristic.DisabledNeverSwitches" time elapsed: 00:00:00
----------------------------------------------------------

47/61 Testing: Heuristic.NumberGuard
47/61 Test: Heuristic.NumberGuard
Command: "/home/i/PUNTO/_build/tests/punto-tests" "--gtest_filter=Heuristic.NumberGuard" "--gtest_also_run_disabled_tests"
Directory: /home/i/PUNTO/_build/tests
"Heuristic.NumberGuard" start time: Mar 26 17:22 MSK
Output:
----------------------------------------------------------
Running main() from ./googletest/src/gtest_main.cc
Note: Google Test filter = Heuristic.NumberGuard
[==========] Running 1 test from 1 test suite.
[----------] Global test environment set-up.
[----------] 1 test from Heuristic
[ RUN      ] Heuristic.NumberGuard
[       OK ] Heuristic.NumberGuard (0 ms)
[----------] 1 test from Heuristic (0 ms total)

[----------] Global test environment tear-down
[==========] 1 test from 1 test suite ran. (0 ms total)
[  PASSED  ] 1 test.
<end of output>
Test time =   0.00 sec
----------------------------------------------------------
Test Passed.
"Heuristic.NumberGuard" end time: Mar 26 17:22 MSK
"Heuristic.NumberGuard" time elapsed: 00:00:00
----------------------------------------------------------

48/61 Testing: Heuristic.EmailGuard
48/61 Test: Heuristic.EmailGuard
Command: "/home/i/PUNTO/_build/tests/punto-tests" "--gtest_filter=Heuristic.EmailGuard" "--gtest_also_run_disabled_tests"
Directory: /home/i/PUNTO/_build/tests
"Heuristic.EmailGuard" start time: Mar 26 17:22 MSK
Output:
----------------------------------------------------------
Running main() from ./googletest/src/gtest_main.cc
Note: Google Test filter = Heuristic.EmailGuard
[==========] Running 1 test from 1 test suite.
[----------] Global test environment set-up.
[----------] 1 test from Heuristic
[ RUN      ] Heuristic.EmailGuard
[       OK ] Heuristic.EmailGuard (0 ms)
[----------] 1 test from Heuristic (0 ms total)

[----------] Global test environment tear-down
[==========] 1 test from 1 test suite ran. (0 ms total)
[  PASSED  ] 1 test.
<end of output>
Test time =   0.00 sec
----------------------------------------------------------
Test Passed.
"Heuristic.EmailGuard" end time: Mar 26 17:22 MSK
"Heuristic.EmailGuard" time elapsed: 00:00:00
----------------------------------------------------------

49/61 Testing: Heuristic.UrlGuard
49/61 Test: Heuristic.UrlGuard
Command: "/home/i/PUNTO/_build/tests/punto-tests" "--gtest_filter=Heuristic.UrlGuard" "--gtest_also_run_disabled_tests"
Directory: /home/i/PUNTO/_build/tests
"Heuristic.UrlGuard" start time: Mar 26 17:22 MSK
Output:
----------------------------------------------------------
Running main() from ./googletest/src/gtest_main.cc
Note: Google Test filter = Heuristic.UrlGuard
[==========] Running 1 test from 1 test suite.
[----------] Global test environment set-up.
[----------] 1 test from Heuristic
[ RUN      ] Heuristic.UrlGuard
[       OK ] Heuristic.UrlGuard (0 ms)
[----------] 1 test from Heuristic (0 ms total)

[----------] Global test environment tear-down
[==========] 1 test from 1 test suite ran. (0 ms total)
[  PASSED  ] 1 test.
<end of output>
Test time =   0.00 sec
----------------------------------------------------------
Test Passed.
"Heuristic.UrlGuard" end time: Mar 26 17:22 MSK
"Heuristic.UrlGuard" time elapsed: 00:00:00
----------------------------------------------------------

50/61 Testing: Heuristic.HighThresholdPreventsSwitch
50/61 Test: Heuristic.HighThresholdPreventsSwitch
Command: "/home/i/PUNTO/_build/tests/punto-tests" "--gtest_filter=Heuristic.HighThresholdPreventsSwitch" "--gtest_also_run_disabled_tests"
Directory: /home/i/PUNTO/_build/tests
"Heuristic.HighThresholdPreventsSwitch" start time: Mar 26 17:22 MSK
Output:
----------------------------------------------------------
Running main() from ./googletest/src/gtest_main.cc
Note: Google Test filter = Heuristic.HighThresholdPreventsSwitch
[==========] Running 1 test from 1 test suite.
[----------] Global test environment set-up.
[----------] 1 test from Heuristic
[ RUN      ] Heuristic.HighThresholdPreventsSwitch
[       OK ] Heuristic.HighThresholdPreventsSwitch (0 ms)
[----------] 1 test from Heuristic (0 ms total)

[----------] Global test environment tear-down
[==========] 1 test from 1 test suite ran. (0 ms total)
[  PASSED  ] 1 test.
<end of output>
Test time =   0.00 sec
----------------------------------------------------------
Test Passed.
"Heuristic.HighThresholdPreventsSwitch" end time: Mar 26 17:22 MSK
"Heuristic.HighThresholdPreventsSwitch" time elapsed: 00:00:00
----------------------------------------------------------

51/61 Testing: Heuristic.LowThresholdAllowsSwitch
51/61 Test: Heuristic.LowThresholdAllowsSwitch
Command: "/home/i/PUNTO/_build/tests/punto-tests" "--gtest_filter=Heuristic.LowThresholdAllowsSwitch" "--gtest_also_run_disabled_tests"
Directory: /home/i/PUNTO/_build/tests
"Heuristic.LowThresholdAllowsSwitch" start time: Mar 26 17:22 MSK
Output:
----------------------------------------------------------
Running main() from ./googletest/src/gtest_main.cc
Note: Google Test filter = Heuristic.LowThresholdAllowsSwitch
[==========] Running 1 test from 1 test suite.
[----------] Global test environment set-up.
[----------] 1 test from Heuristic
[ RUN      ] Heuristic.LowThresholdAllowsSwitch
[       OK ] Heuristic.LowThresholdAllowsSwitch (0 ms)
[----------] 1 test from Heuristic (0 ms total)

[----------] Global test environment tear-down
[==========] 1 test from 1 test suite ran. (0 ms total)
[  PASSED  ] 1 test.
<end of output>
Test time =   0.00 sec
----------------------------------------------------------
Test Passed.
"Heuristic.LowThresholdAllowsSwitch" end time: Mar 26 17:22 MSK
"Heuristic.LowThresholdAllowsSwitch" time elapsed: 00:00:00
----------------------------------------------------------

52/61 Testing: Heuristic.MistypedHttpsOnRussianLayoutSwitches
52/61 Test: Heuristic.MistypedHttpsOnRussianLayoutSwitches
Command: "/home/i/PUNTO/_build/tests/punto-tests" "--gtest_filter=Heuristic.MistypedHttpsOnRussianLayoutSwitches" "--gtest_also_run_disabled_tests"
Directory: /home/i/PUNTO/_build/tests
"Heuristic.MistypedHttpsOnRussianLayoutSwitches" start time: Mar 26 17:22 MSK
Output:
----------------------------------------------------------
Running main() from ./googletest/src/gtest_main.cc
Note: Google Test filter = Heuristic.MistypedHttpsOnRussianLayoutSwitches
[==========] Running 1 test from 1 test suite.
[----------] Global test environment set-up.
[----------] 1 test from Heuristic
[ RUN      ] Heuristic.MistypedHttpsOnRussianLayoutSwitches
[       OK ] Heuristic.MistypedHttpsOnRussianLayoutSwitches (0 ms)
[----------] 1 test from Heuristic (0 ms total)

[----------] Global test environment tear-down
[==========] 1 test from 1 test suite ran. (0 ms total)
[  PASSED  ] 1 test.
<end of output>
Test time =   0.00 sec
----------------------------------------------------------
Test Passed.
"Heuristic.MistypedHttpsOnRussianLayoutSwitches" end time: Mar 26 17:22 MSK
"Heuristic.MistypedHttpsOnRussianLayoutSwitches" time elapsed: 00:00:00
----------------------------------------------------------

53/61 Testing: BigramScore.EnglishCommonBigrams
53/61 Test: BigramScore.EnglishCommonBigrams
Command: "/home/i/PUNTO/_build/tests/punto-tests" "--gtest_filter=BigramScore.EnglishCommonBigrams" "--gtest_also_run_disabled_tests"
Directory: /home/i/PUNTO/_build/tests
"BigramScore.EnglishCommonBigrams" start time: Mar 26 17:22 MSK
Output:
----------------------------------------------------------
Running main() from ./googletest/src/gtest_main.cc
Note: Google Test filter = BigramScore.EnglishCommonBigrams
[==========] Running 1 test from 1 test suite.
[----------] Global test environment set-up.
[----------] 1 test from BigramScore
[ RUN      ] BigramScore.EnglishCommonBigrams
[       OK ] BigramScore.EnglishCommonBigrams (0 ms)
[----------] 1 test from BigramScore (0 ms total)

[----------] Global test environment tear-down
[==========] 1 test from 1 test suite ran. (0 ms total)
[  PASSED  ] 1 test.
<end of output>
Test time =   0.00 sec
----------------------------------------------------------
Test Passed.
"BigramScore.EnglishCommonBigrams" end time: Mar 26 17:22 MSK
"BigramScore.EnglishCommonBigrams" time elapsed: 00:00:00
----------------------------------------------------------

54/61 Testing: BigramScore.RussianCommonBigrams
54/61 Test: BigramScore.RussianCommonBigrams
Command: "/home/i/PUNTO/_build/tests/punto-tests" "--gtest_filter=BigramScore.RussianCommonBigrams" "--gtest_also_run_disabled_tests"
Directory: /home/i/PUNTO/_build/tests
"BigramScore.RussianCommonBigrams" start time: Mar 26 17:22 MSK
Output:
----------------------------------------------------------
Running main() from ./googletest/src/gtest_main.cc
Note: Google Test filter = BigramScore.RussianCommonBigrams
[==========] Running 1 test from 1 test suite.
[----------] Global test environment set-up.
[----------] 1 test from BigramScore
[ RUN      ] BigramScore.RussianCommonBigrams
[       OK ] BigramScore.RussianCommonBigrams (0 ms)
[----------] 1 test from BigramScore (0 ms total)

[----------] Global test environment tear-down
[==========] 1 test from 1 test suite ran. (0 ms total)
[  PASSED  ] 1 test.
<end of output>
Test time =   0.00 sec
----------------------------------------------------------
Test Passed.
"BigramScore.RussianCommonBigrams" end time: Mar 26 17:22 MSK
"BigramScore.RussianCommonBigrams" time elapsed: 00:00:00
----------------------------------------------------------

55/61 Testing: BigramScore.GarbageScoresLow
55/61 Test: BigramScore.GarbageScoresLow
Command: "/home/i/PUNTO/_build/tests/punto-tests" "--gtest_filter=BigramScore.GarbageScoresLow" "--gtest_also_run_disabled_tests"
Directory: /home/i/PUNTO/_build/tests
"BigramScore.GarbageScoresLow" start time: Mar 26 17:22 MSK
Output:
----------------------------------------------------------
Running main() from ./googletest/src/gtest_main.cc
Note: Google Test filter = BigramScore.GarbageScoresLow
[==========] Running 1 test from 1 test suite.
[----------] Global test environment set-up.
[----------] 1 test from BigramScore
[ RUN      ] BigramScore.GarbageScoresLow
[       OK ] BigramScore.GarbageScoresLow (0 ms)
[----------] 1 test from BigramScore (0 ms total)

[----------] Global test environment tear-down
[==========] 1 test from 1 test suite ran. (0 ms total)
[  PASSED  ] 1 test.
<end of output>
Test time =   0.00 sec
----------------------------------------------------------
Test Passed.
"BigramScore.GarbageScoresLow" end time: Mar 26 17:22 MSK
"BigramScore.GarbageScoresLow" time elapsed: 00:00:00
----------------------------------------------------------

56/61 Testing: Guard.PureLettersNotGuarded
56/61 Test: Guard.PureLettersNotGuarded
Command: "/home/i/PUNTO/_build/tests/punto-tests" "--gtest_filter=Guard.PureLettersNotGuarded" "--gtest_also_run_disabled_tests"
Directory: /home/i/PUNTO/_build/tests
"Guard.PureLettersNotGuarded" start time: Mar 26 17:22 MSK
Output:
----------------------------------------------------------
Running main() from ./googletest/src/gtest_main.cc
Note: Google Test filter = Guard.PureLettersNotGuarded
[==========] Running 1 test from 1 test suite.
[----------] Global test environment set-up.
[----------] 1 test from Guard
[ RUN      ] Guard.PureLettersNotGuarded
[       OK ] Guard.PureLettersNotGuarded (0 ms)
[----------] 1 test from Guard (0 ms total)

[----------] Global test environment tear-down
[==========] 1 test from 1 test suite ran. (0 ms total)
[  PASSED  ] 1 test.
<end of output>
Test time =   0.00 sec
----------------------------------------------------------
Test Passed.
"Guard.PureLettersNotGuarded" end time: Mar 26 17:22 MSK
"Guard.PureLettersNotGuarded" time elapsed: 00:00:00
----------------------------------------------------------

57/61 Testing: Guard.DigitsGuarded
57/61 Test: Guard.DigitsGuarded
Command: "/home/i/PUNTO/_build/tests/punto-tests" "--gtest_filter=Guard.DigitsGuarded" "--gtest_also_run_disabled_tests"
Directory: /home/i/PUNTO/_build/tests
"Guard.DigitsGuarded" start time: Mar 26 17:22 MSK
Output:
----------------------------------------------------------
Running main() from ./googletest/src/gtest_main.cc
Note: Google Test filter = Guard.DigitsGuarded
[==========] Running 1 test from 1 test suite.
[----------] Global test environment set-up.
[----------] 1 test from Guard
[ RUN      ] Guard.DigitsGuarded
[       OK ] Guard.DigitsGuarded (0 ms)
[----------] 1 test from Guard (0 ms total)

[----------] Global test environment tear-down
[==========] 1 test from 1 test suite ran. (0 ms total)
[  PASSED  ] 1 test.
<end of output>
Test time =   0.00 sec
----------------------------------------------------------
Test Passed.
"Guard.DigitsGuarded" end time: Mar 26 17:22 MSK
"Guard.DigitsGuarded" time elapsed: 00:00:00
----------------------------------------------------------

58/61 Testing: Guard.AtSignGuarded
58/61 Test: Guard.AtSignGuarded
Command: "/home/i/PUNTO/_build/tests/punto-tests" "--gtest_filter=Guard.AtSignGuarded" "--gtest_also_run_disabled_tests"
Directory: /home/i/PUNTO/_build/tests
"Guard.AtSignGuarded" start time: Mar 26 17:22 MSK
Output:
----------------------------------------------------------
Running main() from ./googletest/src/gtest_main.cc
Note: Google Test filter = Guard.AtSignGuarded
[==========] Running 1 test from 1 test suite.
[----------] Global test environment set-up.
[----------] 1 test from Guard
[ RUN      ] Guard.AtSignGuarded
[       OK ] Guard.AtSignGuarded (0 ms)
[----------] 1 test from Guard (0 ms total)

[----------] Global test environment tear-down
[==========] 1 test from 1 test suite ran. (0 ms total)
[  PASSED  ] 1 test.
<end of output>
Test time =   0.00 sec
----------------------------------------------------------
Test Passed.
"Guard.AtSignGuarded" end time: Mar 26 17:22 MSK
"Guard.AtSignGuarded" time elapsed: 00:00:00
----------------------------------------------------------

59/61 Testing: Guard.UrlGuarded
59/61 Test: Guard.UrlGuarded
Command: "/home/i/PUNTO/_build/tests/punto-tests" "--gtest_filter=Guard.UrlGuarded" "--gtest_also_run_disabled_tests"
Directory: /home/i/PUNTO/_build/tests
"Guard.UrlGuarded" start time: Mar 26 17:22 MSK
Output:
----------------------------------------------------------
Running main() from ./googletest/src/gtest_main.cc
Note: Google Test filter = Guard.UrlGuarded
[==========] Running 1 test from 1 test suite.
[----------] Global test environment set-up.
[----------] 1 test from Guard
[ RUN      ] Guard.UrlGuarded
[       OK ] Guard.UrlGuarded (0 ms)
[----------] 1 test from Guard (0 ms total)

[----------] Global test environment tear-down
[==========] 1 test from 1 test suite ran. (0 ms total)
[  PASSED  ] 1 test.
<end of output>
Test time =   0.00 sec
----------------------------------------------------------
Test Passed.
"Guard.UrlGuarded" end time: Mar 26 17:22 MSK
"Guard.UrlGuarded" time elapsed: 00:00:00
----------------------------------------------------------

60/61 Testing: Guard.DoubleDotsNotGuardedByItself
60/61 Test: Guard.DoubleDotsNotGuardedByItself
Command: "/home/i/PUNTO/_build/tests/punto-tests" "--gtest_filter=Guard.DoubleDotsNotGuardedByItself" "--gtest_also_run_disabled_tests"
Directory: /home/i/PUNTO/_build/tests
"Guard.DoubleDotsNotGuardedByItself" start time: Mar 26 17:22 MSK
Output:
----------------------------------------------------------
Running main() from ./googletest/src/gtest_main.cc
Note: Google Test filter = Guard.DoubleDotsNotGuardedByItself
[==========] Running 1 test from 1 test suite.
[----------] Global test environment set-up.
[----------] 1 test from Guard
[ RUN      ] Guard.DoubleDotsNotGuardedByItself
[       OK ] Guard.DoubleDotsNotGuardedByItself (0 ms)
[----------] 1 test from Guard (0 ms total)

[----------] Global test environment tear-down
[==========] 1 test from 1 test suite ran. (0 ms total)
[  PASSED  ] 1 test.
<end of output>
Test time =   0.00 sec
----------------------------------------------------------
Test Passed.
"Guard.DoubleDotsNotGuardedByItself" end time: Mar 26 17:22 MSK
"Guard.DoubleDotsNotGuardedByItself" time elapsed: 00:00:00
----------------------------------------------------------

61/61 Testing: ManualQA.ChecklistDocumented
61/61 Test: ManualQA.ChecklistDocumented
Command: "/home/i/PUNTO/_build/tests/punto-tests" "--gtest_filter=ManualQA.ChecklistDocumented" "--gtest_also_run_disabled_tests"
Directory: /home/i/PUNTO/_build/tests
"ManualQA.ChecklistDocumented" start time: Mar 26 17:22 MSK
Output:
----------------------------------------------------------
Running main() from ./googletest/src/gtest_main.cc
Note: Google Test filter = ManualQA.ChecklistDocumented
[==========] Running 1 test from 1 test suite.
[----------] Global test environment set-up.
[----------] 1 test from ManualQA
[ RUN      ] ManualQA.ChecklistDocumented
[       OK ] ManualQA.ChecklistDocumented (0 ms)
[----------] 1 test from ManualQA (0 ms total)

[----------] Global test environment tear-down
[==========] 1 test from 1 test suite ran. (0 ms total)
[  PASSED  ] 1 test.
<end of output>
Test time =   0.00 sec
----------------------------------------------------------
Test Passed.
"ManualQA.ChecklistDocumented" end time: Mar 26 17:22 MSK
"ManualQA.ChecklistDocumented" time elapsed: 00:00:00
----------------------------------------------------------

End testing: Mar 26 17:22 MSK
